  DXUTSettingsDlg.cpp
c:\!!!_ios_win3\relief reference\demo_detailed_surfaces\src\detailedsurfaces\common\dxstdafx.h(71): fatal error C1083: Cannot open include file: 'd3dx9.h': No such file or directory
  DXUTRes.cpp
c:\!!!_ios_win3\relief reference\demo_detailed_surfaces\src\detailedsurfaces\common\dxstdafx.h(71): fatal error C1083: Cannot open include file: 'd3dx9.h': No such file or directory
  DXUTmisc.cpp
c:\!!!_ios_win3\relief reference\demo_detailed_surfaces\src\detailedsurfaces\common\dxstdafx.h(71): fatal error C1083: Cannot open include file: 'd3dx9.h': No such file or directory
  DXUTMesh.cpp
c:\!!!_ios_win3\relief reference\demo_detailed_surfaces\src\detailedsurfaces\common\dxstdafx.h(71): fatal error C1083: Cannot open include file: 'd3dx9.h': No such file or directory
  DXUTgui.cpp
c:\!!!_ios_win3\relief reference\demo_detailed_surfaces\src\detailedsurfaces\common\dxstdafx.h(71): fatal error C1083: Cannot open include file: 'd3dx9.h': No such file or directory
  DXUTenum.cpp
c:\!!!_ios_win3\relief reference\demo_detailed_surfaces\src\detailedsurfaces\common\dxstdafx.h(71): fatal error C1083: Cannot open include file: 'd3dx9.h': No such file or directory
  DXUT.cpp
c:\!!!_ios_win3\relief reference\demo_detailed_surfaces\src\detailedsurfaces\common\dxstdafx.h(71): fatal error C1083: Cannot open include file: 'd3dx9.h': No such file or directory
  dxstdafx.cpp
c:\!!!_ios_win3\relief reference\demo_detailed_surfaces\src\detailedsurfaces\common\dxstdafx.h(71): fatal error C1083: Cannot open include file: 'd3dx9.h': No such file or directory
  Shader.cpp
c:\!!!_ios_win3\relief reference\demo_detailed_surfaces\src\detailedsurfaces\shader.h(8): fatal error C1083: Cannot open include file: 'd3dx9.h': No such file or directory
  Mesh.cpp
c:\!!!_ios_win3\relief reference\demo_detailed_surfaces\src\detailedsurfaces\common\dxstdafx.h(71): fatal error C1083: Cannot open include file: 'd3dx9.h': No such file or directory
  Main.cpp
c:\!!!_ios_win3\relief reference\demo_detailed_surfaces\src\detailedsurfaces\common\dxstdafx.h(71): fatal error C1083: Cannot open include file: 'd3dx9.h': No such file or directory
  Generating Code...
